# JRE version: OpenJDK Runtime Environment (11.0.15) (build 11.0.15+0-b2043.56-9505619)
# Java VM: OpenJDK 64-Bit Server VM (11.0.15+0-b2043.56-9505619, mixed mode, tiered, compressed oops, g1 gc, windows-amd64)
Heap:
 garbage-first heap   total 260096K, used 187145K [0x0000000080000000, 0x0000000100000000)
  region size 1024K, 33 young (33792K), 7 survivors (7168K)
 Metaspace       used 86554K, capacity 89041K, committed 89328K, reserved 1126400K
  class space    used 11226K, capacity 12176K, committed 12236K, reserved 1048576K
GC Heap History (20 events):
Event: 1.186 GC heap before
{Heap before GC invocations=1 (full 0):
 garbage-first heap   total 260096K, used 104864K [0x0000000080000000, 0x0000000100000000)
  region size 1024K, 97 young (99328K), 3 survivors (3072K)
 Metaspace       used 20745K, capacity 21225K, committed 21296K, reserved 1069056K
  class space    used 2512K, capacity 2666K, committed 2688K, reserved 1048576K
}
Event: 1.192 GC heap after
{Heap after GC invocations=2 (full 0):
 garbage-first heap   total 260096K, used 17350K [0x0000000080000000, 0x0000000100000000)
  region size 1024K, 11 young (11264K), 11 survivors (11264K)
 Metaspace       used 20745K, capacity 21225K, committed 21296K, reserved 1069056K
  class space    used 2512K, capacity 2666K, committed 2688K, reserved 1048576K
}
Event: 1.471 GC heap before
{Heap before GC invocations=3 (full 0):
 garbage-first heap   total 260096K, used 63430K [0x0000000080000000, 0x0000000100000000)
  region size 1024K, 56 young (57344K), 11 survivors (11264K)
 Metaspace       used 25297K, capacity 25831K, committed 26032K, reserved 1071104K
  class space    used 3256K, capacity 3464K, committed 3584K, reserved 1048576K
}
Event: 1.475 GC heap after
{Heap after GC invocations=4 (full 0):
 garbage-first heap   total 260096K, used 19235K [0x0000000080000000, 0x0000000100000000)
  region size 1024K, 3 young (3072K), 3 survivors (3072K)
 Metaspace       used 25297K, capacity 25831K, committed 26032K, reserved 1071104K
  class space    used 3256K, capacity 3464K, committed 3584K, reserved 1048576K
}
Event: 2.110 GC heap before
{Heap before GC invocations=4 (full 0):
 garbage-first heap   total 260096K, used 141091K [0x0000000080000000, 0x0000000100000000)
  region size 1024K, 97 young (99328K), 3 survivors (3072K)
 Metaspace       used 34638K, capacity 35651K, committed 35708K, reserved 1079296K
  class space    used 4667K, capacity 5079K, committed 5120K, reserved 1048576K
}
Event: 2.115 GC heap after
{Heap after GC invocations=5 (full 0):
 garbage-first heap   total 260096K, used 54323K [0x0000000080000000, 0x0000000100000000)
  region size 1024K, 10 young (10240K), 10 survivors (10240K)
 Metaspace       used 34638K, capacity 35651K, committed 35708K, reserved 1079296K
  class space    used 4667K, capacity 5079K, committed 5120K, reserved 1048576K
}
Event: 2.812 GC heap before
{Heap before GC invocations=6 (full 0):
 garbage-first heap   total 260096K, used 184371K [0x0000000080000000, 0x0000000100000000)
  region size 1024K, 115 young (117760K), 10 survivors (10240K)
 Metaspace       used 45271K, capacity 46544K, committed 46588K, reserved 1089536K
  class space    used 5788K, capacity 6266K, committed 6272K, reserved 1048576K
}
Event: 2.818 GC heap after
{Heap after GC invocations=7 (full 0):
 garbage-first heap   total 260096K, used 84579K [0x0000000080000000, 0x0000000100000000)
  region size 1024K, 15 young (15360K), 15 survivors (15360K)
 Metaspace       used 45271K, capacity 46544K, committed 46588K, reserved 1089536K
  class space    used 5788K, capacity 6266K, committed 6272K, reserved 1048576K
}
Event: 3.439 GC heap before
{Heap before GC invocations=7 (full 0):
 garbage-first heap   total 260096K, used 196195K [0x0000000080000000, 0x0000000100000000)
  region size 1024K, 118 young (120832K), 15 survivors (15360K)
 Metaspace       used 51985K, capacity 53560K, committed 53756K, reserved 1095680K
  class space    used 6689K, capacity 7274K, committed 7296K, reserved 1048576K
}
Event: 3.445 GC heap after
{Heap after GC invocations=8 (full 0):
 garbage-first heap   total 260096K, used 96518K [0x0000000080000000, 0x0000000100000000)
  region size 1024K, 7 young (7168K), 7 survivors (7168K)
 Metaspace       used 51985K, capacity 53560K, committed 53756K, reserved 1095680K
  class space    used 6689K, capacity 7274K, committed 7296K, reserved 1048576K
}
Event: 3.948 GC heap before
{Heap before GC invocations=8 (full 0):
 garbage-first heap   total 260096K, used 181510K [0x0000000080000000, 0x0000000100000000)
  region size 1024K, 89 young (91136K), 7 survivors (7168K)
 Metaspace       used 58159K, capacity 59872K, committed 59940K, reserved 1101824K
  class space    used 7504K, capacity 8181K, committed 8192K, reserved 1048576K
}
Event: 3.954 GC heap after
{Heap after GC invocations=9 (full 0):
 garbage-first heap   total 260096K, used 107384K [0x0000000080000000, 0x0000000100000000)
  region size 1024K, 14 young (14336K), 14 survivors (14336K)
 Metaspace       used 58159K, capacity 59872K, committed 59940K, reserved 1101824K
  class space    used 7504K, capacity 8181K, committed 8192K, reserved 1048576K
}
Event: 4.639 GC heap before
{Heap before GC invocations=10 (full 0):
 garbage-first heap   total 260096K, used 208760K [0x0000000080000000, 0x0000000100000000)
  region size 1024K, 106 young (108544K), 14 survivors (14336K)
 Metaspace       used 69493K, capacity 71509K, committed 71792K, reserved 1112064K
  class space    used 8892K, capacity 9670K, committed 9804K, reserved 1048576K
}
Event: 4.645 GC heap after
{Heap after GC invocations=11 (full 0):
 garbage-first heap   total 260096K, used 114136K [0x0000000080000000, 0x0000000100000000)
  region size 1024K, 7 young (7168K), 7 survivors (7168K)
 Metaspace       used 69493K, capacity 71509K, committed 71792K, reserved 1112064K
  class space    used 8892K, capacity 9670K, committed 9804K, reserved 1048576K
}
Event: 5.135 GC heap before
{Heap before GC invocations=11 (full 0):
 garbage-first heap   total 260096K, used 205272K [0x0000000080000000, 0x0000000100000000)
  region size 1024K, 96 young (98304K), 7 survivors (7168K)
 Metaspace       used 73577K, capacity 75723K, committed 75888K, reserved 1116160K
  class space    used 9433K, capacity 10249K, committed 10316K, reserved 1048576K
}
Event: 5.139 GC heap after
{Heap after GC invocations=12 (full 0):
 garbage-first heap   total 260096K, used 119335K [0x0000000080000000, 0x0000000100000000)
  region size 1024K, 12 young (12288K), 12 survivors (12288K)
 Metaspace       used 73577K, capacity 75723K, committed 75888K, reserved 1116160K
  class space    used 9433K, capacity 10249K, committed 10316K, reserved 1048576K
}
Event: 5.795 GC heap before
{Heap before GC invocations=12 (full 0):
 garbage-first heap   total 260096K, used 210471K [0x0000000080000000, 0x0000000100000000)
  region size 1024K, 95 young (97280K), 12 survivors (12288K)
 Metaspace       used 82783K, capacity 85046K, committed 85104K, reserved 1122304K
  class space    used 10712K, capacity 11567K, committed 11596K, reserved 1048576K
}
Event: 5.803 GC heap after
{Heap after GC invocations=13 (full 0):
 garbage-first heap   total 260096K, used 134913K [0x0000000080000000, 0x0000000100000000)
  region size 1024K, 13 young (13312K), 13 survivors (13312K)
 Metaspace       used 82783K, capacity 85046K, committed 85104K, reserved 1122304K
  class space    used 10712K, capacity 11567K, committed 11596K, reserved 1048576K
}
Event: 6.146 GC heap before
{Heap before GC invocations=14 (full 0):
 garbage-first heap   total 260096K, used 230145K [0x0000000080000000, 0x0000000100000000)
  region size 1024K, 88 young (90112K), 13 survivors (13312K)
 Metaspace       used 85668K, capacity 88075K, committed 88176K, reserved 1126400K
  class space    used 11122K, capacity 12030K, committed 12108K, reserved 1048576K
}
Event: 6.152 GC heap after
{Heap after GC invocations=15 (full 0):
 garbage-first heap   total 260096K, used 161545K [0x0000000080000000, 0x0000000100000000)
  region size 1024K, 7 young (7168K), 7 survivors (7168K)
 Metaspace       used 85668K, capacity 88075K, committed 88176K, reserved 1126400K
  class space    used 11122K, capacity 12030K, committed 12108K, reserved 1048576K
}

